<?xml version="1.0" encoding="UTF-8"?>
<!-- Generated by org.testng.reporters.JUnitReportReporter -->
<testsuite hostname="pcmain" failures="0" tests="1" name="northeast.aaa.com.unit.ReadConfigTest" time="0.010" errors="0" timestamp="2023-12-01T03:36:00 EST" skipped="0">
  <testcase classname="northeast.aaa.com.unit.ReadConfigTest" name="getPropertiesTest" time="0.010"/>
  <system-out/>
</testsuite> <!-- northeast.aaa.com.unit.ReadConfigTest -->
